{"C:\\Users\\Carina.Poell\\Desktop\\ospin-front-end-challenge\\src\\components\\changelog\\Changelog.jsx": {"path":"C:\\Users\\Carina.Poell\\Desktop\\ospin-front-end-challenge\\src\\components\\changelog\\Changelog.jsx","statementMap":{"0":{"start":{"line":7,"column":18},"end":{"line":13,"column":1}},"1":{"start":{"line":8,"column":2},"end":{"line":12,"column":14}}},"fnMap":{"0":{"name":"(anonymous_0)","decl":{"start":{"line":7,"column":18},"end":{"line":7,"column":19}},"loc":{"start":{"line":8,"column":2},"end":{"line":12,"column":14}},"line":8}},"branchMap":{},"s":{"0":1,"1":0},"f":{"0":0},"b":{},"_coverageSchema":"43e27e138ebf9cfc5966b082cf9a028302ed4184","hash":"3bf23ac7818bb8751bcfe71b713f0fc2c1f1b966"}
,"C:\\Users\\Carina.Poell\\Desktop\\ospin-front-end-challenge\\src\\components\\device\\DeviceHeader.jsx": {"path":"C:\\Users\\Carina.Poell\\Desktop\\ospin-front-end-challenge\\src\\components\\device\\DeviceHeader.jsx","statementMap":{"0":{"start":{"line":5,"column":15},"end":{"line":12,"column":1}},"1":{"start":{"line":8,"column":21},"end":{"line":8,"column":53}},"2":{"start":{"line":14,"column":21},"end":{"line":20,"column":1}},"3":{"start":{"line":15,"column":2},"end":{"line":19,"column":8}}},"fnMap":{"0":{"name":"(anonymous_0)","decl":{"start":{"line":8,"column":11},"end":{"line":8,"column":12}},"loc":{"start":{"line":8,"column":21},"end":{"line":8,"column":53}},"line":8},"1":{"name":"(anonymous_1)","decl":{"start":{"line":14,"column":21},"end":{"line":14,"column":22}},"loc":{"start":{"line":15,"column":2},"end":{"line":19,"column":8}},"line":15}},"branchMap":{"0":{"loc":{"start":{"line":8,"column":21},"end":{"line":8,"column":53}},"type":"cond-expr","locations":[{"start":{"line":8,"column":35},"end":{"line":8,"column":41}},{"start":{"line":8,"column":44},"end":{"line":8,"column":53}}],"line":8}},"s":{"0":1,"1":8,"2":1,"3":8},"f":{"0":8,"1":8},"b":{"0":[0,8]},"_coverageSchema":"43e27e138ebf9cfc5966b082cf9a028302ed4184","hash":"d15388dd77c315cc3ed293899ba0502687a97295"}
,"C:\\Users\\Carina.Poell\\Desktop\\ospin-front-end-challenge\\src\\components\\device\\DeviceWidget.jsx": {"path":"C:\\Users\\Carina.Poell\\Desktop\\ospin-front-end-challenge\\src\\components\\device\\DeviceWidget.jsx","statementMap":{"0":{"start":{"line":16,"column":29},"end":{"line":24,"column":1}},"1":{"start":{"line":26,"column":24},"end":{"line":31,"column":1}},"2":{"start":{"line":33,"column":24},"end":{"line":33,"column":106}},"3":{"start":{"line":35,"column":19},"end":{"line":46,"column":1}},"4":{"start":{"line":48,"column":22},"end":{"line":61,"column":1}},"5":{"start":{"line":49,"column":2},"end":{"line":60,"column":21}},"6":{"start":{"line":63,"column":25},"end":{"line":71,"column":1}},"7":{"start":{"line":64,"column":2},"end":{"line":70,"column":21}},"8":{"start":{"line":73,"column":38},"end":{"line":91,"column":1}},"9":{"start":{"line":74,"column":24},"end":{"line":74,"column":66}},"10":{"start":{"line":75,"column":23},"end":{"line":75,"column":46}},"11":{"start":{"line":77,"column":2},"end":{"line":83,"column":4}},"12":{"start":{"line":85,"column":2},"end":{"line":90,"column":11}},"13":{"start":{"line":86,"column":4},"end":{"line":89,"column":7}},"14":{"start":{"line":86,"column":39},"end":{"line":89,"column":5}},"15":{"start":{"line":93,"column":21},"end":{"line":144,"column":1}},"16":{"start":{"line":99,"column":6},"end":{"line":99,"column":12}},"17":{"start":{"line":101,"column":43},"end":{"line":101,"column":96}},"18":{"start":{"line":103,"column":40},"end":{"line":103,"column":54}},"19":{"start":{"line":105,"column":20},"end":{"line":105,"column":71}},"20":{"start":{"line":107,"column":2},"end":{"line":112,"column":16}},"21":{"start":{"line":108,"column":4},"end":{"line":111,"column":5}},"22":{"start":{"line":109,"column":23},"end":{"line":109,"column":68}},"23":{"start":{"line":110,"column":6},"end":{"line":110,"column":42}},"24":{"start":{"line":110,"column":19},"end":{"line":110,"column":42}},"25":{"start":{"line":114,"column":2},"end":{"line":143,"column":3}}},"fnMap":{"0":{"name":"(anonymous_0)","decl":{"start":{"line":48,"column":22},"end":{"line":48,"column":23}},"loc":{"start":{"line":49,"column":2},"end":{"line":60,"column":21}},"line":49},"1":{"name":"(anonymous_1)","decl":{"start":{"line":63,"column":25},"end":{"line":63,"column":26}},"loc":{"start":{"line":64,"column":2},"end":{"line":70,"column":21}},"line":64},"2":{"name":"(anonymous_2)","decl":{"start":{"line":73,"column":38},"end":{"line":73,"column":39}},"loc":{"start":{"line":73,"column":56},"end":{"line":91,"column":1}},"line":73},"3":{"name":"(anonymous_3)","decl":{"start":{"line":85,"column":21},"end":{"line":85,"column":22}},"loc":{"start":{"line":85,"column":27},"end":{"line":90,"column":3}},"line":85},"4":{"name":"(anonymous_4)","decl":{"start":{"line":86,"column":19},"end":{"line":86,"column":20}},"loc":{"start":{"line":86,"column":39},"end":{"line":89,"column":5}},"line":86},"5":{"name":"(anonymous_5)","decl":{"start":{"line":93,"column":21},"end":{"line":93,"column":22}},"loc":{"start":{"line":93,"column":37},"end":{"line":144,"column":1}},"line":93},"6":{"name":"(anonymous_6)","decl":{"start":{"line":107,"column":12},"end":{"line":107,"column":13}},"loc":{"start":{"line":107,"column":18},"end":{"line":112,"column":3}},"line":107},"7":{"name":"(anonymous_7)","decl":{"start":{"line":110,"column":13},"end":{"line":110,"column":14}},"loc":{"start":{"line":110,"column":19},"end":{"line":110,"column":42}},"line":110}},"branchMap":{"0":{"loc":{"start":{"line":67,"column":9},"end":{"line":67,"column":80}},"type":"cond-expr","locations":[{"start":{"line":67,"column":40},"end":{"line":67,"column":59}},{"start":{"line":67,"column":62},"end":{"line":67,"column":80}}],"line":67},"1":{"loc":{"start":{"line":79,"column":15},"end":{"line":79,"column":83}},"type":"cond-expr","locations":[{"start":{"line":79,"column":43},"end":{"line":79,"column":59}},{"start":{"line":79,"column":62},"end":{"line":79,"column":83}}],"line":79},"2":{"loc":{"start":{"line":101,"column":43},"end":{"line":101,"column":96}},"type":"binary-expr","locations":[{"start":{"line":101,"column":43},"end":{"line":101,"column":77}},{"start":{"line":101,"column":81},"end":{"line":101,"column":96}}],"line":101},"3":{"loc":{"start":{"line":105,"column":20},"end":{"line":105,"column":71}},"type":"binary-expr","locations":[{"start":{"line":105,"column":20},"end":{"line":105,"column":44}},{"start":{"line":105,"column":48},"end":{"line":105,"column":71}}],"line":105},"4":{"loc":{"start":{"line":108,"column":4},"end":{"line":111,"column":5}},"type":"if","locations":[{"start":{"line":108,"column":4},"end":{"line":111,"column":5}},{"start":{"line":108,"column":4},"end":{"line":111,"column":5}}],"line":108},"5":{"loc":{"start":{"line":127,"column":9},"end":{"line":127,"column":85}},"type":"cond-expr","locations":[{"start":{"line":127,"column":23},"end":{"line":127,"column":49}},{"start":{"line":127,"column":52},"end":{"line":127,"column":85}}],"line":127}},"s":{"0":1,"1":1,"2":1,"3":1,"4":1,"5":3,"6":1,"7":5,"8":1,"9":3,"10":3,"11":3,"12":3,"13":0,"14":0,"15":1,"16":8,"17":8,"18":8,"19":8,"20":8,"21":5,"22":3,"23":3,"24":3,"25":8},"f":{"0":3,"1":5,"2":3,"3":0,"4":0,"5":8,"6":5,"7":3},"b":{"0":[4,1],"1":[1,2],"2":[8,0],"3":[8,4],"4":[3,2],"5":[3,5]},"_coverageSchema":"43e27e138ebf9cfc5966b082cf9a028302ed4184","hash":"3dbab5b9fd8f1fb28ea2d6219a41ee9b2f8f8d87"}
,"C:\\Users\\Carina.Poell\\Desktop\\ospin-front-end-challenge\\src\\components\\device\\spinners\\LEDCircle.jsx": {"path":"C:\\Users\\Carina.Poell\\Desktop\\ospin-front-end-challenge\\src\\components\\device\\spinners\\LEDCircle.jsx","statementMap":{"0":{"start":{"line":3,"column":18},"end":{"line":5,"column":1}},"1":{"start":{"line":4,"column":2},"end":{"line":4,"column":50}},"2":{"start":{"line":7,"column":18},"end":{"line":45,"column":1}},"3":{"start":{"line":9,"column":2},"end":{"line":44,"column":8}}},"fnMap":{"0":{"name":"(anonymous_0)","decl":{"start":{"line":3,"column":18},"end":{"line":3,"column":19}},"loc":{"start":{"line":4,"column":2},"end":{"line":4,"column":50}},"line":4},"1":{"name":"(anonymous_1)","decl":{"start":{"line":7,"column":18},"end":{"line":7,"column":19}},"loc":{"start":{"line":9,"column":2},"end":{"line":44,"column":8}},"line":9}},"branchMap":{"0":{"loc":{"start":{"line":4,"column":2},"end":{"line":4,"column":50}},"type":"cond-expr","locations":[{"start":{"line":4,"column":25},"end":{"line":4,"column":35}},{"start":{"line":4,"column":38},"end":{"line":4,"column":50}}],"line":4}},"s":{"0":1,"1":8,"2":1,"3":8},"f":{"0":8,"1":8},"b":{"0":[4,4]},"_coverageSchema":"43e27e138ebf9cfc5966b082cf9a028302ed4184","hash":"558bb37cb883128e6e6c2e6bb4e20512587d79ab"}
,"C:\\Users\\Carina.Poell\\Desktop\\ospin-front-end-challenge\\src\\components\\devices\\DeviceList.jsx": {"path":"C:\\Users\\Carina.Poell\\Desktop\\ospin-front-end-challenge\\src\\components\\devices\\DeviceList.jsx","statementMap":{"0":{"start":{"line":6,"column":27},"end":{"line":11,"column":1}},"1":{"start":{"line":7,"column":2},"end":{"line":10,"column":4}},"2":{"start":{"line":13,"column":19},"end":{"line":21,"column":1}},"3":{"start":{"line":14,"column":2},"end":{"line":20,"column":9}}},"fnMap":{"0":{"name":"(anonymous_0)","decl":{"start":{"line":6,"column":27},"end":{"line":6,"column":28}},"loc":{"start":{"line":7,"column":2},"end":{"line":10,"column":4}},"line":7},"1":{"name":"(anonymous_1)","decl":{"start":{"line":13,"column":19},"end":{"line":13,"column":20}},"loc":{"start":{"line":14,"column":2},"end":{"line":20,"column":9}},"line":14}},"branchMap":{},"s":{"0":1,"1":5,"2":1,"3":1},"f":{"0":5,"1":1},"b":{},"_coverageSchema":"43e27e138ebf9cfc5966b082cf9a028302ed4184","hash":"d60dfc72a0350ad1b56b53ad3b31d057bd5a6a30"}
,"C:\\Users\\Carina.Poell\\Desktop\\ospin-front-end-challenge\\src\\components\\devices\\Devices.jsx": {"path":"C:\\Users\\Carina.Poell\\Desktop\\ospin-front-end-challenge\\src\\components\\devices\\Devices.jsx","statementMap":{"0":{"start":{"line":8,"column":16},"end":{"line":28,"column":1}},"1":{"start":{"line":9,"column":2},"end":{"line":27,"column":9}}},"fnMap":{"0":{"name":"(anonymous_0)","decl":{"start":{"line":8,"column":16},"end":{"line":8,"column":17}},"loc":{"start":{"line":9,"column":2},"end":{"line":27,"column":9}},"line":9}},"branchMap":{},"s":{"0":1,"1":1},"f":{"0":1},"b":{},"_coverageSchema":"43e27e138ebf9cfc5966b082cf9a028302ed4184","hash":"ebafd044e3921f1518e280d5c5bdc0993608b6e8"}
,"C:\\Users\\Carina.Poell\\Desktop\\ospin-front-end-challenge\\src\\components\\errorhandling\\ErrorBoundary.jsx": {"path":"C:\\Users\\Carina.Poell\\Desktop\\ospin-front-end-challenge\\src\\components\\errorhandling\\ErrorBoundary.jsx","statementMap":{"0":{"start":{"line":9,"column":10},"end":{"line":13,"column":3}},"1":{"start":{"line":16,"column":4},"end":{"line":19,"column":6}},"2":{"start":{"line":23,"column":4},"end":{"line":27,"column":7}},"3":{"start":{"line":30,"column":25},"end":{"line":44,"column":3}},"4":{"start":{"line":31,"column":4},"end":{"line":43,"column":5}},"5":{"start":{"line":32,"column":6},"end":{"line":42,"column":8}},"6":{"start":{"line":47,"column":4},"end":{"line":52,"column":5}},"7":{"start":{"line":48,"column":6},"end":{"line":48,"column":34}},"8":{"start":{"line":49,"column":6},"end":{"line":49,"column":18}},"9":{"start":{"line":51,"column":6},"end":{"line":51,"column":33}}},"fnMap":{"0":{"name":"(anonymous_0)","decl":{"start":{"line":15,"column":2},"end":{"line":15,"column":3}},"loc":{"start":{"line":15,"column":41},"end":{"line":20,"column":3}},"line":15},"1":{"name":"(anonymous_1)","decl":{"start":{"line":22,"column":2},"end":{"line":22,"column":3}},"loc":{"start":{"line":22,"column":38},"end":{"line":28,"column":3}},"line":22},"2":{"name":"(anonymous_2)","decl":{"start":{"line":30,"column":25},"end":{"line":30,"column":26}},"loc":{"start":{"line":30,"column":31},"end":{"line":44,"column":3}},"line":30},"3":{"name":"(anonymous_3)","decl":{"start":{"line":46,"column":2},"end":{"line":46,"column":3}},"loc":{"start":{"line":46,"column":11},"end":{"line":53,"column":3}},"line":46}},"branchMap":{"0":{"loc":{"start":{"line":31,"column":4},"end":{"line":43,"column":5}},"type":"if","locations":[{"start":{"line":31,"column":4},"end":{"line":43,"column":5}},{"start":{"line":31,"column":4},"end":{"line":43,"column":5}}],"line":31},"1":{"loc":{"start":{"line":47,"column":4},"end":{"line":52,"column":5}},"type":"if","locations":[{"start":{"line":47,"column":4},"end":{"line":52,"column":5}},{"start":{"line":47,"column":4},"end":{"line":52,"column":5}}],"line":47}},"s":{"0":3,"1":1,"2":1,"3":3,"4":2,"5":1,"6":5,"7":2,"8":2,"9":3},"f":{"0":1,"1":1,"2":2,"3":5},"b":{"0":[1,1],"1":[2,3]},"_coverageSchema":"43e27e138ebf9cfc5966b082cf9a028302ed4184","hash":"d91f47c4899ee3047945bde25b937d7d3e578ab7"}
,"C:\\Users\\Carina.Poell\\Desktop\\ospin-front-end-challenge\\src\\components\\errorhandling\\ErrorPage.jsx": {"path":"C:\\Users\\Carina.Poell\\Desktop\\ospin-front-end-challenge\\src\\components\\errorhandling\\ErrorPage.jsx","statementMap":{"0":{"start":{"line":10,"column":18},"end":{"line":57,"column":1}},"1":{"start":{"line":11,"column":30},"end":{"line":11,"column":45}},"2":{"start":{"line":13,"column":16},"end":{"line":13,"column":28}},"3":{"start":{"line":14,"column":17},"end":{"line":16,"column":3}},"4":{"start":{"line":15,"column":4},"end":{"line":15,"column":19}},"5":{"start":{"line":18,"column":21},"end":{"line":18,"column":69}},"6":{"start":{"line":20,"column":18},"end":{"line":20,"column":22}},"7":{"start":{"line":22,"column":24},"end":{"line":24,"column":3}},"8":{"start":{"line":23,"column":4},"end":{"line":23,"column":23}},"9":{"start":{"line":26,"column":2},"end":{"line":38,"column":3}},"10":{"start":{"line":27,"column":4},"end":{"line":37,"column":6}},"11":{"start":{"line":40,"column":2},"end":{"line":56,"column":4}}},"fnMap":{"0":{"name":"(anonymous_0)","decl":{"start":{"line":10,"column":18},"end":{"line":10,"column":19}},"loc":{"start":{"line":10,"column":29},"end":{"line":57,"column":1}},"line":10},"1":{"name":"(anonymous_1)","decl":{"start":{"line":14,"column":17},"end":{"line":14,"column":18}},"loc":{"start":{"line":14,"column":23},"end":{"line":16,"column":3}},"line":14},"2":{"name":"(anonymous_2)","decl":{"start":{"line":22,"column":24},"end":{"line":22,"column":25}},"loc":{"start":{"line":22,"column":30},"end":{"line":24,"column":3}},"line":22}},"branchMap":{"0":{"loc":{"start":{"line":18,"column":21},"end":{"line":18,"column":69}},"type":"binary-expr","locations":[{"start":{"line":18,"column":21},"end":{"line":18,"column":49}},{"start":{"line":18,"column":53},"end":{"line":18,"column":69}}],"line":18},"1":{"loc":{"start":{"line":26,"column":2},"end":{"line":38,"column":3}},"type":"if","locations":[{"start":{"line":26,"column":2},"end":{"line":38,"column":3}},{"start":{"line":26,"column":2},"end":{"line":38,"column":3}}],"line":26}},"s":{"0":2,"1":4,"2":4,"3":4,"4":0,"5":4,"6":4,"7":4,"8":1,"9":4,"10":4,"11":4},"f":{"0":4,"1":0,"2":1},"b":{"0":[4,4],"1":[4,0]},"_coverageSchema":"43e27e138ebf9cfc5966b082cf9a028302ed4184","hash":"192661ab1182ac65a59a9906888978000a776649"}
,"C:\\Users\\Carina.Poell\\Desktop\\ospin-front-end-challenge\\src\\components\\main\\Main.jsx": {"path":"C:\\Users\\Carina.Poell\\Desktop\\ospin-front-end-challenge\\src\\components\\main\\Main.jsx","statementMap":{"0":{"start":{"line":13,"column":13},"end":{"line":31,"column":1}},"1":{"start":{"line":14,"column":2},"end":{"line":30,"column":8}}},"fnMap":{"0":{"name":"(anonymous_0)","decl":{"start":{"line":13,"column":13},"end":{"line":13,"column":14}},"loc":{"start":{"line":14,"column":2},"end":{"line":30,"column":8}},"line":14}},"branchMap":{},"s":{"0":1,"1":1},"f":{"0":1},"b":{},"_coverageSchema":"43e27e138ebf9cfc5966b082cf9a028302ed4184","hash":"9ec01e0986b3d5aeb2cadce50e944f0405136102"}
,"C:\\Users\\Carina.Poell\\Desktop\\ospin-front-end-challenge\\src\\components\\main\\OspinSidebar.jsx": {"path":"C:\\Users\\Carina.Poell\\Desktop\\ospin-front-end-challenge\\src\\components\\main\\OspinSidebar.jsx","statementMap":{"0":{"start":{"line":11,"column":39},"end":{"line":11,"column":49}},"1":{"start":{"line":12,"column":22},"end":{"line":12,"column":40}},"2":{"start":{"line":13,"column":4},"end":{"line":13,"column":26}},"3":{"start":{"line":16,"column":25},"end":{"line":19,"column":3}},"4":{"start":{"line":17,"column":24},"end":{"line":17,"column":34}},"5":{"start":{"line":18,"column":4},"end":{"line":18,"column":27}},"6":{"start":{"line":22,"column":22},"end":{"line":22,"column":49}},"7":{"start":{"line":24,"column":4},"end":{"line":75,"column":5}},"8":{"start":{"line":34,"column":27},"end":{"line":34,"column":63}},"9":{"start":{"line":43,"column":27},"end":{"line":43,"column":63}},"10":{"start":{"line":52,"column":27},"end":{"line":52,"column":69}},"11":{"start":{"line":61,"column":27},"end":{"line":61,"column":65}}},"fnMap":{"0":{"name":"(anonymous_0)","decl":{"start":{"line":10,"column":2},"end":{"line":10,"column":3}},"loc":{"start":{"line":10,"column":25},"end":{"line":14,"column":3}},"line":10},"1":{"name":"(anonymous_1)","decl":{"start":{"line":16,"column":25},"end":{"line":16,"column":26}},"loc":{"start":{"line":16,"column":32},"end":{"line":19,"column":3}},"line":16},"2":{"name":"(anonymous_2)","decl":{"start":{"line":21,"column":2},"end":{"line":21,"column":3}},"loc":{"start":{"line":21,"column":11},"end":{"line":76,"column":3}},"line":21},"3":{"name":"(anonymous_3)","decl":{"start":{"line":34,"column":21},"end":{"line":34,"column":22}},"loc":{"start":{"line":34,"column":27},"end":{"line":34,"column":63}},"line":34},"4":{"name":"(anonymous_4)","decl":{"start":{"line":43,"column":21},"end":{"line":43,"column":22}},"loc":{"start":{"line":43,"column":27},"end":{"line":43,"column":63}},"line":43},"5":{"name":"(anonymous_5)","decl":{"start":{"line":52,"column":21},"end":{"line":52,"column":22}},"loc":{"start":{"line":52,"column":27},"end":{"line":52,"column":69}},"line":52},"6":{"name":"(anonymous_6)","decl":{"start":{"line":61,"column":21},"end":{"line":61,"column":22}},"loc":{"start":{"line":61,"column":27},"end":{"line":61,"column":65}},"line":61}},"branchMap":{"0":{"loc":{"start":{"line":13,"column":11},"end":{"line":13,"column":26}},"type":"binary-expr","locations":[{"start":{"line":13,"column":11},"end":{"line":13,"column":20}},{"start":{"line":13,"column":24},"end":{"line":13,"column":26}}],"line":13}},"s":{"0":1,"1":1,"2":1,"3":1,"4":0,"5":0,"6":1,"7":1,"8":0,"9":0,"10":0,"11":0},"f":{"0":1,"1":0,"2":1,"3":0,"4":0,"5":0,"6":0},"b":{"0":[1,1]},"_coverageSchema":"43e27e138ebf9cfc5966b082cf9a028302ed4184","hash":"ec949876d6d496cb6d48c6adc79b054bdf982887"}
,"C:\\Users\\Carina.Poell\\Desktop\\ospin-front-end-challenge\\src\\components\\misc\\DurationDisplay.jsx": {"path":"C:\\Users\\Carina.Poell\\Desktop\\ospin-front-end-challenge\\src\\components\\misc\\DurationDisplay.jsx","statementMap":{"0":{"start":{"line":6,"column":21},"end":{"line":16,"column":1}},"1":{"start":{"line":18,"column":24},"end":{"line":22,"column":1}},"2":{"start":{"line":24,"column":25},"end":{"line":27,"column":1}},"3":{"start":{"line":29,"column":19},"end":{"line":32,"column":1}},"4":{"start":{"line":30,"column":15},"end":{"line":30,"column":42}},"5":{"start":{"line":31,"column":2},"end":{"line":31,"column":26}},"6":{"start":{"line":34,"column":30},"end":{"line":38,"column":1}},"7":{"start":{"line":35,"column":2},"end":{"line":37,"column":9}},"8":{"start":{"line":40,"column":24},"end":{"line":51,"column":1}},"9":{"start":{"line":41,"column":35},"end":{"line":41,"column":69}},"10":{"start":{"line":43,"column":2},"end":{"line":50,"column":3}}},"fnMap":{"0":{"name":"(anonymous_0)","decl":{"start":{"line":29,"column":19},"end":{"line":29,"column":20}},"loc":{"start":{"line":29,"column":27},"end":{"line":32,"column":1}},"line":29},"1":{"name":"(anonymous_1)","decl":{"start":{"line":34,"column":30},"end":{"line":34,"column":31}},"loc":{"start":{"line":35,"column":2},"end":{"line":37,"column":9}},"line":35},"2":{"name":"(anonymous_2)","decl":{"start":{"line":40,"column":24},"end":{"line":40,"column":25}},"loc":{"start":{"line":40,"column":50},"end":{"line":51,"column":1}},"line":40}},"branchMap":{"0":{"loc":{"start":{"line":30,"column":15},"end":{"line":30,"column":42}},"type":"cond-expr","locations":[{"start":{"line":30,"column":28},"end":{"line":30,"column":33}},{"start":{"line":30,"column":36},"end":{"line":30,"column":42}}],"line":30},"1":{"loc":{"start":{"line":46,"column":10},"end":{"line":46,"column":40}},"type":"cond-expr","locations":[{"start":{"line":46,"column":17},"end":{"line":46,"column":33}},{"start":{"line":46,"column":36},"end":{"line":46,"column":40}}],"line":46}},"s":{"0":1,"1":1,"2":1,"3":1,"4":0,"5":0,"6":1,"7":3,"8":1,"9":3,"10":3},"f":{"0":0,"1":3,"2":3},"b":{"0":[0,0],"1":[0,3]},"_coverageSchema":"43e27e138ebf9cfc5966b082cf9a028302ed4184","hash":"8f27942de8ab19703864803da5cbb8b63e2a1aa3"}
,"C:\\Users\\Carina.Poell\\Desktop\\ospin-front-end-challenge\\src\\components\\notifications\\Notifications.jsx": {"path":"C:\\Users\\Carina.Poell\\Desktop\\ospin-front-end-challenge\\src\\components\\notifications\\Notifications.jsx","statementMap":{"0":{"start":{"line":7,"column":22},"end":{"line":18,"column":1}},"1":{"start":{"line":8,"column":2},"end":{"line":17,"column":14}}},"fnMap":{"0":{"name":"(anonymous_0)","decl":{"start":{"line":7,"column":22},"end":{"line":7,"column":23}},"loc":{"start":{"line":8,"column":2},"end":{"line":17,"column":14}},"line":8}},"branchMap":{},"s":{"0":1,"1":0},"f":{"0":0},"b":{},"_coverageSchema":"43e27e138ebf9cfc5966b082cf9a028302ed4184","hash":"40b9adbe9118ed7f49557252b31a80167f98ec47"}
,"C:\\Users\\Carina.Poell\\Desktop\\ospin-front-end-challenge\\src\\components\\profile\\Profile.jsx": {"path":"C:\\Users\\Carina.Poell\\Desktop\\ospin-front-end-challenge\\src\\components\\profile\\Profile.jsx","statementMap":{"0":{"start":{"line":7,"column":16},"end":{"line":14,"column":1}},"1":{"start":{"line":8,"column":2},"end":{"line":13,"column":14}},"2":{"start":{"line":10,"column":27},"end":{"line":10,"column":32}}},"fnMap":{"0":{"name":"(anonymous_0)","decl":{"start":{"line":7,"column":16},"end":{"line":7,"column":17}},"loc":{"start":{"line":8,"column":2},"end":{"line":13,"column":14}},"line":8},"1":{"name":"(anonymous_1)","decl":{"start":{"line":10,"column":16},"end":{"line":10,"column":17}},"loc":{"start":{"line":10,"column":27},"end":{"line":10,"column":32}},"line":10}},"branchMap":{},"s":{"0":1,"1":0,"2":0},"f":{"0":0,"1":0},"b":{},"_coverageSchema":"43e27e138ebf9cfc5966b082cf9a028302ed4184","hash":"169ac4718f34fb5216d71966edea8ccfd1e2d978"}
,"C:\\Users\\Carina.Poell\\Desktop\\ospin-front-end-challenge\\src\\utils\\ServerAPI.js": {"path":"C:\\Users\\Carina.Poell\\Desktop\\ospin-front-end-challenge\\src\\utils\\ServerAPI.js","statementMap":{"0":{"start":{"line":3,"column":4},"end":{"line":3,"column":57}}},"fnMap":{"0":{"name":"(anonymous_0)","decl":{"start":{"line":2,"column":2},"end":{"line":2,"column":3}},"loc":{"start":{"line":2,"column":62},"end":{"line":4,"column":3}},"line":2}},"branchMap":{},"s":{"0":1},"f":{"0":1},"b":{},"_coverageSchema":"43e27e138ebf9cfc5966b082cf9a028302ed4184","hash":"9321e369cedcfeffff4b2d330d7e04a1bc5b7681"}
,"C:\\Users\\Carina.Poell\\Desktop\\ospin-front-end-challenge\\src\\utils\\time.js": {"path":"C:\\Users\\Carina.Poell\\Desktop\\ospin-front-end-challenge\\src\\utils\\time.js","statementMap":{"0":{"start":{"line":2,"column":26},"end":{"line":4,"column":1}},"1":{"start":{"line":3,"column":2},"end":{"line":3,"column":40}},"2":{"start":{"line":6,"column":29},"end":{"line":8,"column":1}},"3":{"start":{"line":7,"column":2},"end":{"line":7,"column":44}},"4":{"start":{"line":10,"column":30},"end":{"line":12,"column":1}},"5":{"start":{"line":11,"column":2},"end":{"line":11,"column":81}},"6":{"start":{"line":14,"column":46},"end":{"line":18,"column":2}},"7":{"start":{"line":14,"column":53},"end":{"line":18,"column":1}}},"fnMap":{"0":{"name":"(anonymous_0)","decl":{"start":{"line":2,"column":26},"end":{"line":2,"column":27}},"loc":{"start":{"line":3,"column":2},"end":{"line":3,"column":40}},"line":3},"1":{"name":"(anonymous_1)","decl":{"start":{"line":6,"column":29},"end":{"line":6,"column":30}},"loc":{"start":{"line":7,"column":2},"end":{"line":7,"column":44}},"line":7},"2":{"name":"(anonymous_2)","decl":{"start":{"line":10,"column":30},"end":{"line":10,"column":31}},"loc":{"start":{"line":11,"column":2},"end":{"line":11,"column":81}},"line":11},"3":{"name":"(anonymous_3)","decl":{"start":{"line":14,"column":46},"end":{"line":14,"column":47}},"loc":{"start":{"line":14,"column":53},"end":{"line":18,"column":1}},"line":14}},"branchMap":{"0":{"loc":{"start":{"line":3,"column":2},"end":{"line":3,"column":40}},"type":"cond-expr","locations":[{"start":{"line":3,"column":17},"end":{"line":3,"column":30}},{"start":{"line":3,"column":33},"end":{"line":3,"column":40}}],"line":3}},"s":{"0":1,"1":9,"2":1,"3":3,"4":1,"5":3,"6":1,"7":3},"f":{"0":9,"1":3,"2":3,"3":3},"b":{"0":[0,9]},"_coverageSchema":"43e27e138ebf9cfc5966b082cf9a028302ed4184","hash":"2588d12cf7d74b84e027474c383cd4089ac3ee26"}
,"C:\\Users\\Carina.Poell\\Desktop\\ospin-front-end-challenge\\test\\mocks\\assetMock.js": {"path":"C:\\Users\\Carina.Poell\\Desktop\\ospin-front-end-challenge\\test\\mocks\\assetMock.js","statementMap":{},"fnMap":{},"branchMap":{},"s":{},"f":{},"b":{},"_coverageSchema":"43e27e138ebf9cfc5966b082cf9a028302ed4184","hash":"4cc5666bfec23d75748cf2b8b7491fa3d3eb693d"}
}
