TN:
SF:C:\Users\Carina.Poell\Desktop\ospin-front-end-challenge\src\components\changelog\Changelog.jsx
FN:7,(anonymous_0)
FNF:1
FNH:0
FNDA:0,(anonymous_0)
DA:7,1
DA:8,0
LF:2
LH:1
BRF:0
BRH:0
end_of_record
TN:
SF:C:\Users\Carina.Poell\Desktop\ospin-front-end-challenge\src\components\device\DeviceHeader.jsx
FN:8,(anonymous_0)
FN:14,(anonymous_1)
FNF:2
FNH:2
FNDA:8,(anonymous_0)
FNDA:8,(anonymous_1)
DA:5,1
DA:8,8
DA:14,1
DA:15,8
LF:4
LH:4
BRDA:8,0,0,0
BRDA:8,0,1,8
BRF:2
BRH:1
end_of_record
TN:
SF:C:\Users\Carina.Poell\Desktop\ospin-front-end-challenge\src\components\device\DeviceWidget.jsx
FN:48,(anonymous_0)
FN:63,(anonymous_1)
FN:73,(anonymous_2)
FN:85,(anonymous_3)
FN:86,(anonymous_4)
FN:93,(anonymous_5)
FN:107,(anonymous_6)
FN:110,(anonymous_7)
FNF:8
FNH:6
FNDA:3,(anonymous_0)
FNDA:5,(anonymous_1)
FNDA:3,(anonymous_2)
FNDA:0,(anonymous_3)
FNDA:0,(anonymous_4)
FNDA:8,(anonymous_5)
FNDA:5,(anonymous_6)
FNDA:3,(anonymous_7)
DA:16,1
DA:26,1
DA:33,1
DA:35,1
DA:48,1
DA:49,3
DA:63,1
DA:64,5
DA:73,1
DA:74,3
DA:75,3
DA:77,3
DA:85,3
DA:86,0
DA:93,1
DA:99,8
DA:101,8
DA:103,8
DA:105,8
DA:107,8
DA:108,5
DA:109,3
DA:110,3
DA:114,8
LF:24
LH:23
BRDA:67,0,0,4
BRDA:67,0,1,1
BRDA:79,1,0,1
BRDA:79,1,1,2
BRDA:101,2,0,8
BRDA:101,2,1,0
BRDA:105,3,0,8
BRDA:105,3,1,4
BRDA:108,4,0,3
BRDA:108,4,1,2
BRDA:127,5,0,3
BRDA:127,5,1,5
BRF:12
BRH:11
end_of_record
TN:
SF:C:\Users\Carina.Poell\Desktop\ospin-front-end-challenge\src\components\device\spinners\LEDCircle.jsx
FN:3,(anonymous_0)
FN:7,(anonymous_1)
FNF:2
FNH:2
FNDA:8,(anonymous_0)
FNDA:8,(anonymous_1)
DA:3,1
DA:4,8
DA:7,1
DA:9,8
LF:4
LH:4
BRDA:4,0,0,4
BRDA:4,0,1,4
BRF:2
BRH:2
end_of_record
TN:
SF:C:\Users\Carina.Poell\Desktop\ospin-front-end-challenge\src\components\devices\DeviceList.jsx
FN:6,(anonymous_0)
FN:13,(anonymous_1)
FNF:2
FNH:2
FNDA:5,(anonymous_0)
FNDA:1,(anonymous_1)
DA:6,1
DA:7,5
DA:13,1
DA:14,1
LF:4
LH:4
BRF:0
BRH:0
end_of_record
TN:
SF:C:\Users\Carina.Poell\Desktop\ospin-front-end-challenge\src\components\devices\Devices.jsx
FN:8,(anonymous_0)
FNF:1
FNH:1
FNDA:1,(anonymous_0)
DA:8,1
DA:9,1
LF:2
LH:2
BRF:0
BRH:0
end_of_record
TN:
SF:C:\Users\Carina.Poell\Desktop\ospin-front-end-challenge\src\components\errorhandling\ErrorBoundary.jsx
FN:15,(anonymous_0)
FN:22,(anonymous_1)
FN:30,(anonymous_2)
FN:46,(anonymous_3)
FNF:4
FNH:4
FNDA:1,(anonymous_0)
FNDA:1,(anonymous_1)
FNDA:2,(anonymous_2)
FNDA:5,(anonymous_3)
DA:9,3
DA:16,1
DA:23,1
DA:30,3
DA:31,2
DA:32,1
DA:47,5
DA:48,2
DA:49,2
DA:51,3
LF:10
LH:10
BRDA:31,0,0,1
BRDA:31,0,1,1
BRDA:47,1,0,2
BRDA:47,1,1,3
BRF:4
BRH:4
end_of_record
TN:
SF:C:\Users\Carina.Poell\Desktop\ospin-front-end-challenge\src\components\errorhandling\ErrorPage.jsx
FN:10,(anonymous_0)
FN:14,(anonymous_1)
FN:22,(anonymous_2)
FNF:3
FNH:2
FNDA:4,(anonymous_0)
FNDA:0,(anonymous_1)
FNDA:1,(anonymous_2)
DA:10,2
DA:11,4
DA:13,4
DA:14,4
DA:15,0
DA:18,4
DA:20,4
DA:22,4
DA:23,1
DA:26,4
DA:27,4
DA:40,4
LF:12
LH:11
BRDA:18,0,0,4
BRDA:18,0,1,4
BRDA:26,1,0,4
BRDA:26,1,1,0
BRF:4
BRH:3
end_of_record
TN:
SF:C:\Users\Carina.Poell\Desktop\ospin-front-end-challenge\src\components\main\Main.jsx
FN:13,(anonymous_0)
FNF:1
FNH:1
FNDA:1,(anonymous_0)
DA:13,1
DA:14,1
LF:2
LH:2
BRF:0
BRH:0
end_of_record
TN:
SF:C:\Users\Carina.Poell\Desktop\ospin-front-end-challenge\src\components\main\OspinSidebar.jsx
FN:10,(anonymous_0)
FN:16,(anonymous_1)
FN:21,(anonymous_2)
FN:34,(anonymous_3)
FN:43,(anonymous_4)
FN:52,(anonymous_5)
FN:61,(anonymous_6)
FNF:7
FNH:2
FNDA:1,(anonymous_0)
FNDA:0,(anonymous_1)
FNDA:1,(anonymous_2)
FNDA:0,(anonymous_3)
FNDA:0,(anonymous_4)
FNDA:0,(anonymous_5)
FNDA:0,(anonymous_6)
DA:11,1
DA:12,1
DA:13,1
DA:16,1
DA:17,0
DA:18,0
DA:22,1
DA:24,1
DA:34,0
DA:43,0
DA:52,0
DA:61,0
LF:12
LH:6
BRDA:13,0,0,1
BRDA:13,0,1,1
BRF:2
BRH:2
end_of_record
TN:
SF:C:\Users\Carina.Poell\Desktop\ospin-front-end-challenge\src\components\misc\DurationDisplay.jsx
FN:29,(anonymous_0)
FN:34,(anonymous_1)
FN:40,(anonymous_2)
FNF:3
FNH:2
FNDA:0,(anonymous_0)
FNDA:3,(anonymous_1)
FNDA:3,(anonymous_2)
DA:6,1
DA:18,1
DA:24,1
DA:29,1
DA:30,0
DA:31,0
DA:34,1
DA:35,3
DA:40,1
DA:41,3
DA:43,3
LF:11
LH:9
BRDA:30,0,0,0
BRDA:30,0,1,0
BRDA:46,1,0,0
BRDA:46,1,1,3
BRF:4
BRH:1
end_of_record
TN:
SF:C:\Users\Carina.Poell\Desktop\ospin-front-end-challenge\src\components\notifications\Notifications.jsx
FN:7,(anonymous_0)
FNF:1
FNH:0
FNDA:0,(anonymous_0)
DA:7,1
DA:8,0
LF:2
LH:1
BRF:0
BRH:0
end_of_record
TN:
SF:C:\Users\Carina.Poell\Desktop\ospin-front-end-challenge\src\components\profile\Profile.jsx
FN:7,(anonymous_0)
FN:10,(anonymous_1)
FNF:2
FNH:0
FNDA:0,(anonymous_0)
FNDA:0,(anonymous_1)
DA:7,1
DA:8,0
DA:10,0
LF:3
LH:1
BRF:0
BRH:0
end_of_record
TN:
SF:C:\Users\Carina.Poell\Desktop\ospin-front-end-challenge\src\utils\ServerAPI.js
FN:2,(anonymous_0)
FNF:1
FNH:1
FNDA:1,(anonymous_0)
DA:3,1
LF:1
LH:1
BRF:0
BRH:0
end_of_record
TN:
SF:C:\Users\Carina.Poell\Desktop\ospin-front-end-challenge\src\utils\time.js
FN:2,(anonymous_0)
FN:6,(anonymous_1)
FN:10,(anonymous_2)
FN:14,(anonymous_3)
FNF:4
FNH:4
FNDA:9,(anonymous_0)
FNDA:3,(anonymous_1)
FNDA:3,(anonymous_2)
FNDA:3,(anonymous_3)
DA:2,1
DA:3,9
DA:6,1
DA:7,3
DA:10,1
DA:11,3
DA:14,3
LF:7
LH:7
BRDA:3,0,0,0
BRDA:3,0,1,9
BRF:2
BRH:1
end_of_record
TN:
SF:C:\Users\Carina.Poell\Desktop\ospin-front-end-challenge\test\mocks\assetMock.js
FNF:0
FNH:0
LF:0
LH:0
BRF:0
BRH:0
end_of_record
